{
  "RSpec": {
    "coverage": {
      "/Users/benbartkowiak/Documents/Projects/studia/projekt_inzynierski_zajecia/online_voting/counter/app/controllers/application_controller.rb": {
        "lines": [
          1,
          1,
          0,
          null,
          0,
          0,
          null,
          null
        ]
      },
      "/Users/benbartkowiak/Documents/Projects/studia/projekt_inzynierski_zajecia/online_voting/counter/app/models/user.rb": {
        "lines": [
          null,
          null,
          null,
          null,
          null,
          null,
          null,
          null,
          null,
          null,
          null,
          null,
          null,
          1,
          null,
          null,
          1,
          null,
          null,
          null,
          1,
          null,
          null,
          null,
          1,
          null,
          null
        ]
      },
      "/Users/benbartkowiak/Documents/Projects/studia/projekt_inzynierski_zajecia/online_voting/counter/app/models/application_record.rb": {
        "lines": [
          1,
          1,
          null
        ]
      },
      "/Users/benbartkowiak/Documents/Projects/studia/projekt_inzynierski_zajecia/online_voting/counter/app/admin/candidates.rb": {
        "lines": [
          1,
          1,
          null,
          1,
          0,
          0,
          0,
          0,
          0,
          null,
          null,
          1,
          0,
          0,
          null,
          0,
          null,
          null,
          null
        ]
      },
      "/Users/benbartkowiak/Documents/Projects/studia/projekt_inzynierski_zajecia/online_voting/counter/app/models/candidate.rb": {
        "lines": [
          null,
          null,
          null,
          null,
          null,
          null,
          null,
          null,
          null,
          null,
          1,
          null
        ]
      },
      "/Users/benbartkowiak/Documents/Projects/studia/projekt_inzynierski_zajecia/online_voting/counter/app/admin/dashboard.rb": {
        "lines": [
          1,
          1,
          null,
          1,
          0,
          0,
          0,
          0,
          null,
          null,
          null,
          null,
          null,
          null,
          null,
          null,
          null,
          null,
          null,
          null,
          null,
          null,
          null,
          null,
          null,
          null,
          null,
          null,
          null,
          null,
          null,
          null
        ]
      },
      "/Users/benbartkowiak/Documents/Projects/studia/projekt_inzynierski_zajecia/online_voting/counter/app/admin/users.rb": {
        "lines": [
          1,
          1,
          null,
          1,
          0,
          0,
          0,
          0,
          0,
          0,
          0,
          null,
          null,
          1,
          1,
          1,
          1,
          null,
          1,
          0,
          0,
          0,
          0,
          null,
          0,
          null,
          null,
          null
        ]
      },
      "/Users/benbartkowiak/Documents/Projects/studia/projekt_inzynierski_zajecia/online_voting/counter/app/controllers/results_controller.rb": {
        "lines": [
          null,
          null,
          null,
          null,
          null,
          null,
          1,
          1,
          2,
          1,
          null,
          1,
          null,
          null,
          null
        ]
      },
      "/Users/benbartkowiak/Documents/Projects/studia/projekt_inzynierski_zajecia/online_voting/counter/app/controllers/api_controller.rb": {
        "lines": [
          1,
          1,
          3,
          3,
          null,
          0,
          0,
          null,
          null
        ]
      },
      "/Users/benbartkowiak/Documents/Projects/studia/projekt_inzynierski_zajecia/online_voting/counter/app/models/result.rb": {
        "lines": [
          null,
          null,
          null,
          null,
          null,
          null,
          null,
          null,
          null,
          null,
          null,
          null,
          1,
          null,
          null,
          null,
          1,
          1,
          0,
          null,
          1,
          1,
          1,
          1,
          0,
          0,
          null,
          null,
          1,
          1,
          1,
          null,
          null,
          null
        ]
      },
      "/Users/benbartkowiak/Documents/Projects/studia/projekt_inzynierski_zajecia/online_voting/counter/app/models/vote.rb": {
        "lines": [
          null,
          null,
          null,
          null,
          null,
          null,
          null,
          null,
          null,
          null,
          null,
          null,
          1,
          null,
          null
        ]
      },
      "/Users/benbartkowiak/Documents/Projects/studia/projekt_inzynierski_zajecia/online_voting/counter/app/services/vote_service.rb": {
        "lines": [
          null,
          null,
          null,
          null,
          1,
          null,
          null,
          null,
          null,
          null,
          null,
          1,
          0,
          0,
          0,
          0,
          null,
          0,
          null,
          null,
          null,
          null,
          null,
          null,
          null,
          null,
          null,
          null,
          null,
          1,
          null,
          null,
          null,
          null,
          0,
          null,
          0,
          0,
          null,
          0,
          null,
          0,
          0,
          null,
          0,
          0,
          0,
          null,
          0,
          null,
          null,
          0,
          0,
          null,
          null,
          1,
          0,
          null,
          null,
          null,
          1,
          0,
          null,
          null,
          1,
          0,
          null,
          null,
          1,
          0,
          null,
          null,
          1,
          0,
          null,
          null,
          1,
          0,
          null,
          null,
          1,
          null,
          null
        ]
      },
      "/Users/benbartkowiak/Documents/Projects/studia/projekt_inzynierski_zajecia/online_voting/counter/app/controllers/votes_controller.rb": {
        "lines": [
          null,
          null,
          null,
          null,
          null,
          null,
          1,
          1,
          1,
          4,
          null,
          0,
          null,
          null,
          null,
          1,
          3,
          2,
          2,
          1,
          null,
          null,
          null,
          null,
          null,
          1,
          null,
          null,
          1,
          null,
          null,
          null,
          1,
          3,
          1,
          null,
          1,
          null,
          null,
          1,
          null,
          null,
          1,
          null,
          1,
          0,
          null,
          null,
          1,
          6,
          null,
          null,
          1,
          6,
          null,
          null,
          1,
          5,
          null,
          null
        ]
      },
      "/Users/benbartkowiak/Documents/Projects/studia/projekt_inzynierski_zajecia/online_voting/counter/app/serializers/vote_serializer.rb": {
        "lines": [
          null,
          null,
          null,
          null,
          null,
          null,
          null,
          null,
          null,
          null,
          null,
          null,
          1,
          1,
          null
        ]
      },
      "/Users/benbartkowiak/Documents/Projects/studia/projekt_inzynierski_zajecia/online_voting/counter/app/serializers/custom_serializer.rb": {
        "lines": [
          null,
          null,
          null,
          null,
          1,
          1,
          null,
          1,
          3,
          null,
          null,
          1,
          1,
          null,
          null,
          1,
          3,
          3,
          9,
          null,
          3,
          null,
          null,
          1,
          0,
          null,
          null,
          1,
          0,
          null,
          null
        ]
      },
      "/Users/benbartkowiak/Documents/Projects/studia/projekt_inzynierski_zajecia/online_voting/counter/app/mailers/application_mailer.rb": {
        "lines": [
          0,
          0,
          0,
          0
        ],
        "branches": {
        }
      },
      "/Users/benbartkowiak/Documents/Projects/studia/projekt_inzynierski_zajecia/online_voting/counter/app/jobs/application_job.rb": {
        "lines": [
          0,
          null,
          null,
          null,
          null,
          null,
          0
        ],
        "branches": {
        }
      },
      "/Users/benbartkowiak/Documents/Projects/studia/projekt_inzynierski_zajecia/online_voting/counter/app/controllers/candidates_controller.rb": {
        "lines": [
          0,
          0,
          0,
          0,
          0,
          null,
          0,
          0,
          0,
          0,
          0
        ],
        "branches": {
        }
      },
      "/Users/benbartkowiak/Documents/Projects/studia/projekt_inzynierski_zajecia/online_voting/counter/app/channels/application_cable/connection.rb": {
        "lines": [
          0,
          0,
          0,
          0
        ],
        "branches": {
        }
      },
      "/Users/benbartkowiak/Documents/Projects/studia/projekt_inzynierski_zajecia/online_voting/counter/app/channels/application_cable/channel.rb": {
        "lines": [
          0,
          0,
          0,
          0
        ],
        "branches": {
        }
      }
    },
    "timestamp": 1593005994
  }
}
